<?xml version="1.0" encoding="UTF-8"?>
<testng-results ignored="0" total="1" passed="1" failed="0" skipped="0">
  <reporter-output>
  </reporter-output>
  <suite started-at="2023-11-19T15:43:05 IST" name="Default suite" finished-at="2023-11-19T15:43:12 IST" duration-ms="6933">
    <groups>
    </groups>
    <test started-at="2023-11-19T15:43:05 IST" name="Default test" finished-at="2023-11-19T15:43:12 IST" duration-ms="6933">
      <class name="com.project.staragile.insureme.TestNGStar">
        <test-method signature="verifyPageContent()[pri:0, instance:com.project.staragile.insureme.TestNGStar@51bf5add]" started-at="2023-11-19T15:43:05 IST" name="verifyPageContent" finished-at="2023-11-19T15:43:12 IST" duration-ms="6895" status="PASS">
          <reporter-output>
          </reporter-output>
        </test-method> <!-- verifyPageContent -->
      </class> <!-- com.project.staragile.insureme.TestNGStar -->
    </test> <!-- Default test -->
  </suite> <!-- Default suite -->
</testng-results>
